<?xml version="1.0" encoding="UTF-8"?>
<testsuite name="org.vaccineimpact.kodiak.tests.ConfigTests" tests="3" skipped="0" failures="0" errors="0" timestamp="2018-04-20T13:27:39" hostname="alex-HP-EliteBook-840-G3" time="0.064">
  <properties/>
  <testcase name="canParseConfigTargets" classname="org.vaccineimpact.kodiak.tests.ConfigTests" time="0.049"/>
  <testcase name="canParseStarportPath" classname="org.vaccineimpact.kodiak.tests.ConfigTests" time="0.003"/>
  <testcase name="canParseWorkingPath" classname="org.vaccineimpact.kodiak.tests.ConfigTests" time="0.01"/>
  <system-out><![CDATA[]]></system-out>
  <system-err><![CDATA[]]></system-err>
</testsuite>
